shell-init: error retrieving current directory: getcwd: cannot access parent directories: Operation not permitted
job-working-directory: error retrieving current directory: getcwd: cannot access parent directories: Operation not permitted
/bin/bash: .venv/bin/activate: Operation not permitted
shell-init: error retrieving current directory: getcwd: cannot access parent directories: Operation not permitted
job-working-directory: error retrieving current directory: getcwd: cannot access parent directories: Operation not permitted
/bin/bash: .venv/bin/activate: Operation not permitted
shell-init: error retrieving current directory: getcwd: cannot access parent directories: Operation not permitted
job-working-directory: error retrieving current directory: getcwd: cannot access parent directories: Operation not permitted
/bin/bash: .venv/bin/activate: Operation not permitted
shell-init: error retrieving current directory: getcwd: cannot access parent directories: Operation not permitted
job-working-directory: error retrieving current directory: getcwd: cannot access parent directories: Operation not permitted
/bin/bash: .venv/bin/activate: Operation not permitted
shell-init: error retrieving current directory: getcwd: cannot access parent directories: Operation not permitted
job-working-directory: error retrieving current directory: getcwd: cannot access parent directories: Operation not permitted
/bin/bash: .venv/bin/activate: Operation not permitted
shell-init: error retrieving current directory: getcwd: cannot access parent directories: Operation not permitted
job-working-directory: error retrieving current directory: getcwd: cannot access parent directories: Operation not permitted
/bin/bash: .venv/bin/activate: Operation not permitted
shell-init: error retrieving current directory: getcwd: cannot access parent directories: Operation not permitted
job-working-directory: error retrieving current directory: getcwd: cannot access parent directories: Operation not permitted
/bin/bash: .venv/bin/activate: Operation not permitted
shell-init: error retrieving current directory: getcwd: cannot access parent directories: Operation not permitted
job-working-directory: error retrieving current directory: getcwd: cannot access parent directories: Operation not permitted
/bin/bash: .venv/bin/activate: Operation not permitted
shell-init: error retrieving current directory: getcwd: cannot access parent directories: Operation not permitted
job-working-directory: error retrieving current directory: getcwd: cannot access parent directories: Operation not permitted
/bin/bash: .venv/bin/activate: Operation not permitted
shell-init: error retrieving current directory: getcwd: cannot access parent directories: Operation not permitted
job-working-directory: error retrieving current directory: getcwd: cannot access parent directories: Operation not permitted
/bin/bash: .venv/bin/activate: Operation not permitted
shell-init: error retrieving current directory: getcwd: cannot access parent directories: Operation not permitted
job-working-directory: error retrieving current directory: getcwd: cannot access parent directories: Operation not permitted
/bin/bash: .venv/bin/activate: Operation not permitted
Traceback (most recent call last):
  File "/Users/mac/Desktop/polymarket-rbi-bot/.venv/lib/python3.13/site-packages/urllib3/connectionpool.py", line 464, in _make_request
    self._validate_conn(conn)
    ~~~~~~~~~~~~~~~~~~~^^^^^^
  File "/Users/mac/Desktop/polymarket-rbi-bot/.venv/lib/python3.13/site-packages/urllib3/connectionpool.py", line 1093, in _validate_conn
    conn.connect()
    ~~~~~~~~~~~~^^
  File "/Users/mac/Desktop/polymarket-rbi-bot/.venv/lib/python3.13/site-packages/urllib3/connection.py", line 796, in connect
    sock_and_verified = _ssl_wrap_socket_and_match_hostname(
        sock=sock,
    ...<14 lines>...
        assert_fingerprint=self.assert_fingerprint,
    )
  File "/Users/mac/Desktop/polymarket-rbi-bot/.venv/lib/python3.13/site-packages/urllib3/connection.py", line 975, in _ssl_wrap_socket_and_match_hostname
    ssl_sock = ssl_wrap_socket(
        sock=sock,
    ...<8 lines>...
        tls_in_tls=tls_in_tls,
    )
  File "/Users/mac/Desktop/polymarket-rbi-bot/.venv/lib/python3.13/site-packages/urllib3/util/ssl_.py", line 483, in ssl_wrap_socket
    ssl_sock = _ssl_wrap_socket_impl(sock, context, tls_in_tls, server_hostname)
  File "/Users/mac/Desktop/polymarket-rbi-bot/.venv/lib/python3.13/site-packages/urllib3/util/ssl_.py", line 527, in _ssl_wrap_socket_impl
    return ssl_context.wrap_socket(sock, server_hostname=server_hostname)
           ~~~~~~~~~~~~~~~~~~~~~~~^^^^^^^^^^^^^^^^^^^^^^^^^^^^^^^^^^^^^^^
  File "/Library/Frameworks/Python.framework/Versions/3.13/lib/python3.13/ssl.py", line 455, in wrap_socket
    return self.sslsocket_class._create(
           ~~~~~~~~~~~~~~~~~~~~~~~~~~~~^
        sock=sock,
        ^^^^^^^^^^
    ...<5 lines>...
        session=session
        ^^^^^^^^^^^^^^^
    )
    ^
  File "/Library/Frameworks/Python.framework/Versions/3.13/lib/python3.13/ssl.py", line 1076, in _create
    self.do_handshake()
    ~~~~~~~~~~~~~~~~~^^
  File "/Library/Frameworks/Python.framework/Versions/3.13/lib/python3.13/ssl.py", line 1372, in do_handshake
    self._sslobj.do_handshake()
    ~~~~~~~~~~~~~~~~~~~~~~~~~^^
ssl.SSLEOFError: [SSL: UNEXPECTED_EOF_WHILE_READING] EOF occurred in violation of protocol (_ssl.c:1018)

During handling of the above exception, another exception occurred:

Traceback (most recent call last):
  File "/Users/mac/Desktop/polymarket-rbi-bot/.venv/lib/python3.13/site-packages/urllib3/connectionpool.py", line 787, in urlopen
    response = self._make_request(
        conn,
    ...<10 lines>...
        **response_kw,
    )
  File "/Users/mac/Desktop/polymarket-rbi-bot/.venv/lib/python3.13/site-packages/urllib3/connectionpool.py", line 488, in _make_request
    raise new_e
urllib3.exceptions.SSLError: [SSL: UNEXPECTED_EOF_WHILE_READING] EOF occurred in violation of protocol (_ssl.c:1018)

The above exception was the direct cause of the following exception:

Traceback (most recent call last):
  File "/Users/mac/Desktop/polymarket-rbi-bot/.venv/lib/python3.13/site-packages/requests/adapters.py", line 645, in send
    resp = conn.urlopen(
        method=request.method,
    ...<9 lines>...
        chunked=chunked,
    )
  File "/Users/mac/Desktop/polymarket-rbi-bot/.venv/lib/python3.13/site-packages/urllib3/connectionpool.py", line 841, in urlopen
    retries = retries.increment(
        method, url, error=new_e, _pool=self, _stacktrace=sys.exc_info()[2]
    )
  File "/Users/mac/Desktop/polymarket-rbi-bot/.venv/lib/python3.13/site-packages/urllib3/util/retry.py", line 535, in increment
    raise MaxRetryError(_pool, url, reason) from reason  # type: ignore[arg-type]
    ^^^^^^^^^^^^^^^^^^^^^^^^^^^^^^^^^^^^^^^^^^^^^^^^^^^
urllib3.exceptions.MaxRetryError: HTTPSConnectionPool(host='gamma-api.polymarket.com', port=443): Max retries exceeded with url: /markets?limit=1000&closed=false&archived=false (Caused by SSLError(SSLEOFError(8, '[SSL: UNEXPECTED_EOF_WHILE_READING] EOF occurred in violation of protocol (_ssl.c:1018)')))

During handling of the above exception, another exception occurred:

Traceback (most recent call last):
  File "<frozen runpy>", line 198, in _run_module_as_main
  File "<frozen runpy>", line 88, in _run_code
  File "/Users/mac/Desktop/polymarket-rbi-bot/deploy/collect_quotes.py", line 74, in <module>
    main()
    ~~~~^^
  File "/Users/mac/Desktop/polymarket-rbi-bot/deploy/collect_quotes.py", line 63, in main
    summary = collector.run(
        targets=targets,
    ...<3 lines>...
        append=not args.overwrite,
    )
  File "/Users/mac/Desktop/polymarket-rbi-bot/data/quote_collector.py", line 333, in run
    batch = self.collect_once(targets=target_list)
  File "/Users/mac/Desktop/polymarket-rbi-bot/data/quote_collector.py", line 181, in collect_once
    markets = self.discovery.list_markets(limit=self.lookup_limit, closed=False, archived=False)
  File "/Users/mac/Desktop/polymarket-rbi-bot/data/market_discovery.py", line 16, in list_markets
    response = requests.get(
        f"{self.host}/markets",
        params={"limit": limit, "closed": str(closed).lower(), "archived": str(archived).lower()},
        timeout=self.timeout,
    )
  File "/Users/mac/Desktop/polymarket-rbi-bot/.venv/lib/python3.13/site-packages/requests/api.py", line 73, in get
    return request("get", url, params=params, **kwargs)
  File "/Users/mac/Desktop/polymarket-rbi-bot/.venv/lib/python3.13/site-packages/requests/api.py", line 59, in request
    return session.request(method=method, url=url, **kwargs)
           ~~~~~~~~~~~~~~~^^^^^^^^^^^^^^^^^^^^^^^^^^^^^^^^^^
  File "/Users/mac/Desktop/polymarket-rbi-bot/.venv/lib/python3.13/site-packages/requests/sessions.py", line 592, in request
    resp = self.send(prep, **send_kwargs)
  File "/Users/mac/Desktop/polymarket-rbi-bot/.venv/lib/python3.13/site-packages/requests/sessions.py", line 706, in send
    r = adapter.send(request, **kwargs)
  File "/Users/mac/Desktop/polymarket-rbi-bot/.venv/lib/python3.13/site-packages/requests/adapters.py", line 676, in send
    raise SSLError(e, request=request)
requests.exceptions.SSLError: HTTPSConnectionPool(host='gamma-api.polymarket.com', port=443): Max retries exceeded with url: /markets?limit=1000&closed=false&archived=false (Caused by SSLError(SSLEOFError(8, '[SSL: UNEXPECTED_EOF_WHILE_READING] EOF occurred in violation of protocol (_ssl.c:1018)')))
Traceback (most recent call last):
  File "/Users/mac/Desktop/polymarket-rbi-bot/.venv/lib/python3.13/site-packages/urllib3/connection.py", line 204, in _new_conn
    sock = connection.create_connection(
        (self._dns_host, self.port),
    ...<2 lines>...
        socket_options=self.socket_options,
    )
  File "/Users/mac/Desktop/polymarket-rbi-bot/.venv/lib/python3.13/site-packages/urllib3/util/connection.py", line 60, in create_connection
    for res in socket.getaddrinfo(host, port, family, socket.SOCK_STREAM):
               ~~~~~~~~~~~~~~~~~~^^^^^^^^^^^^^^^^^^^^^^^^^^^^^^^^^^^^^^^^
  File "/Library/Frameworks/Python.framework/Versions/3.13/lib/python3.13/socket.py", line 975, in getaddrinfo
    for res in _socket.getaddrinfo(host, port, family, type, proto, flags):
               ~~~~~~~~~~~~~~~~~~~^^^^^^^^^^^^^^^^^^^^^^^^^^^^^^^^^^^^^^^^
socket.gaierror: [Errno 8] nodename nor servname provided, or not known

The above exception was the direct cause of the following exception:

Traceback (most recent call last):
  File "/Users/mac/Desktop/polymarket-rbi-bot/.venv/lib/python3.13/site-packages/urllib3/connectionpool.py", line 787, in urlopen
    response = self._make_request(
        conn,
    ...<10 lines>...
        **response_kw,
    )
  File "/Users/mac/Desktop/polymarket-rbi-bot/.venv/lib/python3.13/site-packages/urllib3/connectionpool.py", line 488, in _make_request
    raise new_e
  File "/Users/mac/Desktop/polymarket-rbi-bot/.venv/lib/python3.13/site-packages/urllib3/connectionpool.py", line 464, in _make_request
    self._validate_conn(conn)
    ~~~~~~~~~~~~~~~~~~~^^^^^^
  File "/Users/mac/Desktop/polymarket-rbi-bot/.venv/lib/python3.13/site-packages/urllib3/connectionpool.py", line 1093, in _validate_conn
    conn.connect()
    ~~~~~~~~~~~~^^
  File "/Users/mac/Desktop/polymarket-rbi-bot/.venv/lib/python3.13/site-packages/urllib3/connection.py", line 759, in connect
    self.sock = sock = self._new_conn()
                       ~~~~~~~~~~~~~~^^
  File "/Users/mac/Desktop/polymarket-rbi-bot/.venv/lib/python3.13/site-packages/urllib3/connection.py", line 211, in _new_conn
    raise NameResolutionError(self.host, self, e) from e
urllib3.exceptions.NameResolutionError: HTTPSConnection(host='gamma-api.polymarket.com', port=443): Failed to resolve 'gamma-api.polymarket.com' ([Errno 8] nodename nor servname provided, or not known)

The above exception was the direct cause of the following exception:

Traceback (most recent call last):
  File "/Users/mac/Desktop/polymarket-rbi-bot/.venv/lib/python3.13/site-packages/requests/adapters.py", line 645, in send
    resp = conn.urlopen(
        method=request.method,
    ...<9 lines>...
        chunked=chunked,
    )
  File "/Users/mac/Desktop/polymarket-rbi-bot/.venv/lib/python3.13/site-packages/urllib3/connectionpool.py", line 841, in urlopen
    retries = retries.increment(
        method, url, error=new_e, _pool=self, _stacktrace=sys.exc_info()[2]
    )
  File "/Users/mac/Desktop/polymarket-rbi-bot/.venv/lib/python3.13/site-packages/urllib3/util/retry.py", line 535, in increment
    raise MaxRetryError(_pool, url, reason) from reason  # type: ignore[arg-type]
    ^^^^^^^^^^^^^^^^^^^^^^^^^^^^^^^^^^^^^^^^^^^^^^^^^^^
urllib3.exceptions.MaxRetryError: HTTPSConnectionPool(host='gamma-api.polymarket.com', port=443): Max retries exceeded with url: /markets?limit=1000&closed=false&archived=false (Caused by NameResolutionError("HTTPSConnection(host='gamma-api.polymarket.com', port=443): Failed to resolve 'gamma-api.polymarket.com' ([Errno 8] nodename nor servname provided, or not known)"))

During handling of the above exception, another exception occurred:

Traceback (most recent call last):
  File "<frozen runpy>", line 198, in _run_module_as_main
  File "<frozen runpy>", line 88, in _run_code
  File "/Users/mac/Desktop/polymarket-rbi-bot/deploy/collect_quotes.py", line 74, in <module>
    main()
    ~~~~^^
  File "/Users/mac/Desktop/polymarket-rbi-bot/deploy/collect_quotes.py", line 63, in main
    summary = collector.run(
        targets=targets,
    ...<3 lines>...
        append=not args.overwrite,
    )
  File "/Users/mac/Desktop/polymarket-rbi-bot/data/quote_collector.py", line 333, in run
    batch = self.collect_once(targets=target_list)
  File "/Users/mac/Desktop/polymarket-rbi-bot/data/quote_collector.py", line 181, in collect_once
    markets = self.discovery.list_markets(limit=self.lookup_limit, closed=False, archived=False)
  File "/Users/mac/Desktop/polymarket-rbi-bot/data/market_discovery.py", line 16, in list_markets
    response = requests.get(
        f"{self.host}/markets",
        params={"limit": limit, "closed": str(closed).lower(), "archived": str(archived).lower()},
        timeout=self.timeout,
    )
  File "/Users/mac/Desktop/polymarket-rbi-bot/.venv/lib/python3.13/site-packages/requests/api.py", line 73, in get
    return request("get", url, params=params, **kwargs)
  File "/Users/mac/Desktop/polymarket-rbi-bot/.venv/lib/python3.13/site-packages/requests/api.py", line 59, in request
    return session.request(method=method, url=url, **kwargs)
           ~~~~~~~~~~~~~~~^^^^^^^^^^^^^^^^^^^^^^^^^^^^^^^^^^
  File "/Users/mac/Desktop/polymarket-rbi-bot/.venv/lib/python3.13/site-packages/requests/sessions.py", line 592, in request
    resp = self.send(prep, **send_kwargs)
  File "/Users/mac/Desktop/polymarket-rbi-bot/.venv/lib/python3.13/site-packages/requests/sessions.py", line 706, in send
    r = adapter.send(request, **kwargs)
  File "/Users/mac/Desktop/polymarket-rbi-bot/.venv/lib/python3.13/site-packages/requests/adapters.py", line 678, in send
    raise ConnectionError(e, request=request)
requests.exceptions.ConnectionError: HTTPSConnectionPool(host='gamma-api.polymarket.com', port=443): Max retries exceeded with url: /markets?limit=1000&closed=false&archived=false (Caused by NameResolutionError("HTTPSConnection(host='gamma-api.polymarket.com', port=443): Failed to resolve 'gamma-api.polymarket.com' ([Errno 8] nodename nor servname provided, or not known)"))
Traceback (most recent call last):
  File "/Users/mac/Desktop/polymarket-rbi-bot/.venv/lib/python3.13/site-packages/urllib3/connection.py", line 204, in _new_conn
    sock = connection.create_connection(
        (self._dns_host, self.port),
    ...<2 lines>...
        socket_options=self.socket_options,
    )
  File "/Users/mac/Desktop/polymarket-rbi-bot/.venv/lib/python3.13/site-packages/urllib3/util/connection.py", line 60, in create_connection
    for res in socket.getaddrinfo(host, port, family, socket.SOCK_STREAM):
               ~~~~~~~~~~~~~~~~~~^^^^^^^^^^^^^^^^^^^^^^^^^^^^^^^^^^^^^^^^
  File "/Library/Frameworks/Python.framework/Versions/3.13/lib/python3.13/socket.py", line 975, in getaddrinfo
    for res in _socket.getaddrinfo(host, port, family, type, proto, flags):
               ~~~~~~~~~~~~~~~~~~~^^^^^^^^^^^^^^^^^^^^^^^^^^^^^^^^^^^^^^^^
socket.gaierror: [Errno 8] nodename nor servname provided, or not known

The above exception was the direct cause of the following exception:

Traceback (most recent call last):
  File "/Users/mac/Desktop/polymarket-rbi-bot/.venv/lib/python3.13/site-packages/urllib3/connectionpool.py", line 787, in urlopen
    response = self._make_request(
        conn,
    ...<10 lines>...
        **response_kw,
    )
  File "/Users/mac/Desktop/polymarket-rbi-bot/.venv/lib/python3.13/site-packages/urllib3/connectionpool.py", line 488, in _make_request
    raise new_e
  File "/Users/mac/Desktop/polymarket-rbi-bot/.venv/lib/python3.13/site-packages/urllib3/connectionpool.py", line 464, in _make_request
    self._validate_conn(conn)
    ~~~~~~~~~~~~~~~~~~~^^^^^^
  File "/Users/mac/Desktop/polymarket-rbi-bot/.venv/lib/python3.13/site-packages/urllib3/connectionpool.py", line 1093, in _validate_conn
    conn.connect()
    ~~~~~~~~~~~~^^
  File "/Users/mac/Desktop/polymarket-rbi-bot/.venv/lib/python3.13/site-packages/urllib3/connection.py", line 759, in connect
    self.sock = sock = self._new_conn()
                       ~~~~~~~~~~~~~~^^
  File "/Users/mac/Desktop/polymarket-rbi-bot/.venv/lib/python3.13/site-packages/urllib3/connection.py", line 211, in _new_conn
    raise NameResolutionError(self.host, self, e) from e
urllib3.exceptions.NameResolutionError: HTTPSConnection(host='gamma-api.polymarket.com', port=443): Failed to resolve 'gamma-api.polymarket.com' ([Errno 8] nodename nor servname provided, or not known)

The above exception was the direct cause of the following exception:

Traceback (most recent call last):
  File "/Users/mac/Desktop/polymarket-rbi-bot/.venv/lib/python3.13/site-packages/requests/adapters.py", line 645, in send
    resp = conn.urlopen(
        method=request.method,
    ...<9 lines>...
        chunked=chunked,
    )
  File "/Users/mac/Desktop/polymarket-rbi-bot/.venv/lib/python3.13/site-packages/urllib3/connectionpool.py", line 841, in urlopen
    retries = retries.increment(
        method, url, error=new_e, _pool=self, _stacktrace=sys.exc_info()[2]
    )
  File "/Users/mac/Desktop/polymarket-rbi-bot/.venv/lib/python3.13/site-packages/urllib3/util/retry.py", line 535, in increment
    raise MaxRetryError(_pool, url, reason) from reason  # type: ignore[arg-type]
    ^^^^^^^^^^^^^^^^^^^^^^^^^^^^^^^^^^^^^^^^^^^^^^^^^^^
urllib3.exceptions.MaxRetryError: HTTPSConnectionPool(host='gamma-api.polymarket.com', port=443): Max retries exceeded with url: /markets?limit=1000&closed=false&archived=false (Caused by NameResolutionError("HTTPSConnection(host='gamma-api.polymarket.com', port=443): Failed to resolve 'gamma-api.polymarket.com' ([Errno 8] nodename nor servname provided, or not known)"))

During handling of the above exception, another exception occurred:

Traceback (most recent call last):
  File "<frozen runpy>", line 198, in _run_module_as_main
  File "<frozen runpy>", line 88, in _run_code
  File "/Users/mac/Desktop/polymarket-rbi-bot/deploy/collect_quotes.py", line 74, in <module>
    main()
    ~~~~^^
  File "/Users/mac/Desktop/polymarket-rbi-bot/deploy/collect_quotes.py", line 52, in main
    targets = collector.resolve_targets(
        token_ids=args.token_id,
        condition_ids=args.condition_id,
        watchlist_path=args.watchlist,
    )
  File "/Users/mac/Desktop/polymarket-rbi-bot/data/quote_collector.py", line 106, in resolve_targets
    markets = self.discovery.list_markets(limit=self.lookup_limit, closed=False, archived=False)
  File "/Users/mac/Desktop/polymarket-rbi-bot/data/market_discovery.py", line 16, in list_markets
    response = requests.get(
        f"{self.host}/markets",
        params={"limit": limit, "closed": str(closed).lower(), "archived": str(archived).lower()},
        timeout=self.timeout,
    )
  File "/Users/mac/Desktop/polymarket-rbi-bot/.venv/lib/python3.13/site-packages/requests/api.py", line 73, in get
    return request("get", url, params=params, **kwargs)
  File "/Users/mac/Desktop/polymarket-rbi-bot/.venv/lib/python3.13/site-packages/requests/api.py", line 59, in request
    return session.request(method=method, url=url, **kwargs)
           ~~~~~~~~~~~~~~~^^^^^^^^^^^^^^^^^^^^^^^^^^^^^^^^^^
  File "/Users/mac/Desktop/polymarket-rbi-bot/.venv/lib/python3.13/site-packages/requests/sessions.py", line 592, in request
    resp = self.send(prep, **send_kwargs)
  File "/Users/mac/Desktop/polymarket-rbi-bot/.venv/lib/python3.13/site-packages/requests/sessions.py", line 706, in send
    r = adapter.send(request, **kwargs)
  File "/Users/mac/Desktop/polymarket-rbi-bot/.venv/lib/python3.13/site-packages/requests/adapters.py", line 678, in send
    raise ConnectionError(e, request=request)
requests.exceptions.ConnectionError: HTTPSConnectionPool(host='gamma-api.polymarket.com', port=443): Max retries exceeded with url: /markets?limit=1000&closed=false&archived=false (Caused by NameResolutionError("HTTPSConnection(host='gamma-api.polymarket.com', port=443): Failed to resolve 'gamma-api.polymarket.com' ([Errno 8] nodename nor servname provided, or not known)"))
Traceback (most recent call last):
  File "/Users/mac/Desktop/polymarket-rbi-bot/.venv/lib/python3.13/site-packages/urllib3/connection.py", line 204, in _new_conn
    sock = connection.create_connection(
        (self._dns_host, self.port),
    ...<2 lines>...
        socket_options=self.socket_options,
    )
  File "/Users/mac/Desktop/polymarket-rbi-bot/.venv/lib/python3.13/site-packages/urllib3/util/connection.py", line 60, in create_connection
    for res in socket.getaddrinfo(host, port, family, socket.SOCK_STREAM):
               ~~~~~~~~~~~~~~~~~~^^^^^^^^^^^^^^^^^^^^^^^^^^^^^^^^^^^^^^^^
  File "/Library/Frameworks/Python.framework/Versions/3.13/lib/python3.13/socket.py", line 975, in getaddrinfo
    for res in _socket.getaddrinfo(host, port, family, type, proto, flags):
               ~~~~~~~~~~~~~~~~~~~^^^^^^^^^^^^^^^^^^^^^^^^^^^^^^^^^^^^^^^^
socket.gaierror: [Errno 8] nodename nor servname provided, or not known

The above exception was the direct cause of the following exception:

Traceback (most recent call last):
  File "/Users/mac/Desktop/polymarket-rbi-bot/.venv/lib/python3.13/site-packages/urllib3/connectionpool.py", line 787, in urlopen
    response = self._make_request(
        conn,
    ...<10 lines>...
        **response_kw,
    )
  File "/Users/mac/Desktop/polymarket-rbi-bot/.venv/lib/python3.13/site-packages/urllib3/connectionpool.py", line 488, in _make_request
    raise new_e
  File "/Users/mac/Desktop/polymarket-rbi-bot/.venv/lib/python3.13/site-packages/urllib3/connectionpool.py", line 464, in _make_request
    self._validate_conn(conn)
    ~~~~~~~~~~~~~~~~~~~^^^^^^
  File "/Users/mac/Desktop/polymarket-rbi-bot/.venv/lib/python3.13/site-packages/urllib3/connectionpool.py", line 1093, in _validate_conn
    conn.connect()
    ~~~~~~~~~~~~^^
  File "/Users/mac/Desktop/polymarket-rbi-bot/.venv/lib/python3.13/site-packages/urllib3/connection.py", line 759, in connect
    self.sock = sock = self._new_conn()
                       ~~~~~~~~~~~~~~^^
  File "/Users/mac/Desktop/polymarket-rbi-bot/.venv/lib/python3.13/site-packages/urllib3/connection.py", line 211, in _new_conn
    raise NameResolutionError(self.host, self, e) from e
urllib3.exceptions.NameResolutionError: HTTPSConnection(host='gamma-api.polymarket.com', port=443): Failed to resolve 'gamma-api.polymarket.com' ([Errno 8] nodename nor servname provided, or not known)

The above exception was the direct cause of the following exception:

Traceback (most recent call last):
  File "/Users/mac/Desktop/polymarket-rbi-bot/.venv/lib/python3.13/site-packages/requests/adapters.py", line 645, in send
    resp = conn.urlopen(
        method=request.method,
    ...<9 lines>...
        chunked=chunked,
    )
  File "/Users/mac/Desktop/polymarket-rbi-bot/.venv/lib/python3.13/site-packages/urllib3/connectionpool.py", line 841, in urlopen
    retries = retries.increment(
        method, url, error=new_e, _pool=self, _stacktrace=sys.exc_info()[2]
    )
  File "/Users/mac/Desktop/polymarket-rbi-bot/.venv/lib/python3.13/site-packages/urllib3/util/retry.py", line 535, in increment
    raise MaxRetryError(_pool, url, reason) from reason  # type: ignore[arg-type]
    ^^^^^^^^^^^^^^^^^^^^^^^^^^^^^^^^^^^^^^^^^^^^^^^^^^^
urllib3.exceptions.MaxRetryError: HTTPSConnectionPool(host='gamma-api.polymarket.com', port=443): Max retries exceeded with url: /markets?limit=1000&closed=false&archived=false (Caused by NameResolutionError("HTTPSConnection(host='gamma-api.polymarket.com', port=443): Failed to resolve 'gamma-api.polymarket.com' ([Errno 8] nodename nor servname provided, or not known)"))

During handling of the above exception, another exception occurred:

Traceback (most recent call last):
  File "<frozen runpy>", line 198, in _run_module_as_main
  File "<frozen runpy>", line 88, in _run_code
  File "/Users/mac/Desktop/polymarket-rbi-bot/deploy/collect_quotes.py", line 74, in <module>
    main()
    ~~~~^^
  File "/Users/mac/Desktop/polymarket-rbi-bot/deploy/collect_quotes.py", line 52, in main
    targets = collector.resolve_targets(
        token_ids=args.token_id,
        condition_ids=args.condition_id,
        watchlist_path=args.watchlist,
    )
  File "/Users/mac/Desktop/polymarket-rbi-bot/data/quote_collector.py", line 106, in resolve_targets
    markets = self.discovery.list_markets(limit=self.lookup_limit, closed=False, archived=False)
  File "/Users/mac/Desktop/polymarket-rbi-bot/data/market_discovery.py", line 16, in list_markets
    response = requests.get(
        f"{self.host}/markets",
        params={"limit": limit, "closed": str(closed).lower(), "archived": str(archived).lower()},
        timeout=self.timeout,
    )
  File "/Users/mac/Desktop/polymarket-rbi-bot/.venv/lib/python3.13/site-packages/requests/api.py", line 73, in get
    return request("get", url, params=params, **kwargs)
  File "/Users/mac/Desktop/polymarket-rbi-bot/.venv/lib/python3.13/site-packages/requests/api.py", line 59, in request
    return session.request(method=method, url=url, **kwargs)
           ~~~~~~~~~~~~~~~^^^^^^^^^^^^^^^^^^^^^^^^^^^^^^^^^^
  File "/Users/mac/Desktop/polymarket-rbi-bot/.venv/lib/python3.13/site-packages/requests/sessions.py", line 592, in request
    resp = self.send(prep, **send_kwargs)
  File "/Users/mac/Desktop/polymarket-rbi-bot/.venv/lib/python3.13/site-packages/requests/sessions.py", line 706, in send
    r = adapter.send(request, **kwargs)
  File "/Users/mac/Desktop/polymarket-rbi-bot/.venv/lib/python3.13/site-packages/requests/adapters.py", line 678, in send
    raise ConnectionError(e, request=request)
requests.exceptions.ConnectionError: HTTPSConnectionPool(host='gamma-api.polymarket.com', port=443): Max retries exceeded with url: /markets?limit=1000&closed=false&archived=false (Caused by NameResolutionError("HTTPSConnection(host='gamma-api.polymarket.com', port=443): Failed to resolve 'gamma-api.polymarket.com' ([Errno 8] nodename nor servname provided, or not known)"))
Traceback (most recent call last):
  File "/Users/mac/Desktop/polymarket-rbi-bot/.venv/lib/python3.13/site-packages/urllib3/connection.py", line 204, in _new_conn
    sock = connection.create_connection(
        (self._dns_host, self.port),
    ...<2 lines>...
        socket_options=self.socket_options,
    )
  File "/Users/mac/Desktop/polymarket-rbi-bot/.venv/lib/python3.13/site-packages/urllib3/util/connection.py", line 60, in create_connection
    for res in socket.getaddrinfo(host, port, family, socket.SOCK_STREAM):
               ~~~~~~~~~~~~~~~~~~^^^^^^^^^^^^^^^^^^^^^^^^^^^^^^^^^^^^^^^^
  File "/Library/Frameworks/Python.framework/Versions/3.13/lib/python3.13/socket.py", line 975, in getaddrinfo
    for res in _socket.getaddrinfo(host, port, family, type, proto, flags):
               ~~~~~~~~~~~~~~~~~~~^^^^^^^^^^^^^^^^^^^^^^^^^^^^^^^^^^^^^^^^
socket.gaierror: [Errno 8] nodename nor servname provided, or not known

The above exception was the direct cause of the following exception:

Traceback (most recent call last):
  File "/Users/mac/Desktop/polymarket-rbi-bot/.venv/lib/python3.13/site-packages/urllib3/connectionpool.py", line 787, in urlopen
    response = self._make_request(
        conn,
    ...<10 lines>...
        **response_kw,
    )
  File "/Users/mac/Desktop/polymarket-rbi-bot/.venv/lib/python3.13/site-packages/urllib3/connectionpool.py", line 488, in _make_request
    raise new_e
  File "/Users/mac/Desktop/polymarket-rbi-bot/.venv/lib/python3.13/site-packages/urllib3/connectionpool.py", line 464, in _make_request
    self._validate_conn(conn)
    ~~~~~~~~~~~~~~~~~~~^^^^^^
  File "/Users/mac/Desktop/polymarket-rbi-bot/.venv/lib/python3.13/site-packages/urllib3/connectionpool.py", line 1093, in _validate_conn
    conn.connect()
    ~~~~~~~~~~~~^^
  File "/Users/mac/Desktop/polymarket-rbi-bot/.venv/lib/python3.13/site-packages/urllib3/connection.py", line 759, in connect
    self.sock = sock = self._new_conn()
                       ~~~~~~~~~~~~~~^^
  File "/Users/mac/Desktop/polymarket-rbi-bot/.venv/lib/python3.13/site-packages/urllib3/connection.py", line 211, in _new_conn
    raise NameResolutionError(self.host, self, e) from e
urllib3.exceptions.NameResolutionError: HTTPSConnection(host='gamma-api.polymarket.com', port=443): Failed to resolve 'gamma-api.polymarket.com' ([Errno 8] nodename nor servname provided, or not known)

The above exception was the direct cause of the following exception:

Traceback (most recent call last):
  File "/Users/mac/Desktop/polymarket-rbi-bot/.venv/lib/python3.13/site-packages/requests/adapters.py", line 645, in send
    resp = conn.urlopen(
        method=request.method,
    ...<9 lines>...
        chunked=chunked,
    )
  File "/Users/mac/Desktop/polymarket-rbi-bot/.venv/lib/python3.13/site-packages/urllib3/connectionpool.py", line 841, in urlopen
    retries = retries.increment(
        method, url, error=new_e, _pool=self, _stacktrace=sys.exc_info()[2]
    )
  File "/Users/mac/Desktop/polymarket-rbi-bot/.venv/lib/python3.13/site-packages/urllib3/util/retry.py", line 535, in increment
    raise MaxRetryError(_pool, url, reason) from reason  # type: ignore[arg-type]
    ^^^^^^^^^^^^^^^^^^^^^^^^^^^^^^^^^^^^^^^^^^^^^^^^^^^
urllib3.exceptions.MaxRetryError: HTTPSConnectionPool(host='gamma-api.polymarket.com', port=443): Max retries exceeded with url: /markets?limit=1000&closed=false&archived=false (Caused by NameResolutionError("HTTPSConnection(host='gamma-api.polymarket.com', port=443): Failed to resolve 'gamma-api.polymarket.com' ([Errno 8] nodename nor servname provided, or not known)"))

During handling of the above exception, another exception occurred:

Traceback (most recent call last):
  File "<frozen runpy>", line 198, in _run_module_as_main
  File "<frozen runpy>", line 88, in _run_code
  File "/Users/mac/Desktop/polymarket-rbi-bot/deploy/collect_quotes.py", line 74, in <module>
    main()
    ~~~~^^
  File "/Users/mac/Desktop/polymarket-rbi-bot/deploy/collect_quotes.py", line 52, in main
    targets = collector.resolve_targets(
        token_ids=args.token_id,
        condition_ids=args.condition_id,
        watchlist_path=args.watchlist,
    )
  File "/Users/mac/Desktop/polymarket-rbi-bot/data/quote_collector.py", line 106, in resolve_targets
    markets = self.discovery.list_markets(limit=self.lookup_limit, closed=False, archived=False)
  File "/Users/mac/Desktop/polymarket-rbi-bot/data/market_discovery.py", line 16, in list_markets
    response = requests.get(
        f"{self.host}/markets",
        params={"limit": limit, "closed": str(closed).lower(), "archived": str(archived).lower()},
        timeout=self.timeout,
    )
  File "/Users/mac/Desktop/polymarket-rbi-bot/.venv/lib/python3.13/site-packages/requests/api.py", line 73, in get
    return request("get", url, params=params, **kwargs)
  File "/Users/mac/Desktop/polymarket-rbi-bot/.venv/lib/python3.13/site-packages/requests/api.py", line 59, in request
    return session.request(method=method, url=url, **kwargs)
           ~~~~~~~~~~~~~~~^^^^^^^^^^^^^^^^^^^^^^^^^^^^^^^^^^
  File "/Users/mac/Desktop/polymarket-rbi-bot/.venv/lib/python3.13/site-packages/requests/sessions.py", line 592, in request
    resp = self.send(prep, **send_kwargs)
  File "/Users/mac/Desktop/polymarket-rbi-bot/.venv/lib/python3.13/site-packages/requests/sessions.py", line 706, in send
    r = adapter.send(request, **kwargs)
  File "/Users/mac/Desktop/polymarket-rbi-bot/.venv/lib/python3.13/site-packages/requests/adapters.py", line 678, in send
    raise ConnectionError(e, request=request)
requests.exceptions.ConnectionError: HTTPSConnectionPool(host='gamma-api.polymarket.com', port=443): Max retries exceeded with url: /markets?limit=1000&closed=false&archived=false (Caused by NameResolutionError("HTTPSConnection(host='gamma-api.polymarket.com', port=443): Failed to resolve 'gamma-api.polymarket.com' ([Errno 8] nodename nor servname provided, or not known)"))
Traceback (most recent call last):
  File "/Users/mac/Desktop/polymarket-rbi-bot/.venv/lib/python3.13/site-packages/urllib3/connectionpool.py", line 464, in _make_request
    self._validate_conn(conn)
    ~~~~~~~~~~~~~~~~~~~^^^^^^
  File "/Users/mac/Desktop/polymarket-rbi-bot/.venv/lib/python3.13/site-packages/urllib3/connectionpool.py", line 1093, in _validate_conn
    conn.connect()
    ~~~~~~~~~~~~^^
  File "/Users/mac/Desktop/polymarket-rbi-bot/.venv/lib/python3.13/site-packages/urllib3/connection.py", line 796, in connect
    sock_and_verified = _ssl_wrap_socket_and_match_hostname(
        sock=sock,
    ...<14 lines>...
        assert_fingerprint=self.assert_fingerprint,
    )
  File "/Users/mac/Desktop/polymarket-rbi-bot/.venv/lib/python3.13/site-packages/urllib3/connection.py", line 975, in _ssl_wrap_socket_and_match_hostname
    ssl_sock = ssl_wrap_socket(
        sock=sock,
    ...<8 lines>...
        tls_in_tls=tls_in_tls,
    )
  File "/Users/mac/Desktop/polymarket-rbi-bot/.venv/lib/python3.13/site-packages/urllib3/util/ssl_.py", line 483, in ssl_wrap_socket
    ssl_sock = _ssl_wrap_socket_impl(sock, context, tls_in_tls, server_hostname)
  File "/Users/mac/Desktop/polymarket-rbi-bot/.venv/lib/python3.13/site-packages/urllib3/util/ssl_.py", line 527, in _ssl_wrap_socket_impl
    return ssl_context.wrap_socket(sock, server_hostname=server_hostname)
           ~~~~~~~~~~~~~~~~~~~~~~~^^^^^^^^^^^^^^^^^^^^^^^^^^^^^^^^^^^^^^^
  File "/Library/Frameworks/Python.framework/Versions/3.13/lib/python3.13/ssl.py", line 455, in wrap_socket
    return self.sslsocket_class._create(
           ~~~~~~~~~~~~~~~~~~~~~~~~~~~~^
        sock=sock,
        ^^^^^^^^^^
    ...<5 lines>...
        session=session
        ^^^^^^^^^^^^^^^
    )
    ^
  File "/Library/Frameworks/Python.framework/Versions/3.13/lib/python3.13/ssl.py", line 1076, in _create
    self.do_handshake()
    ~~~~~~~~~~~~~~~~~^^
  File "/Library/Frameworks/Python.framework/Versions/3.13/lib/python3.13/ssl.py", line 1372, in do_handshake
    self._sslobj.do_handshake()
    ~~~~~~~~~~~~~~~~~~~~~~~~~^^
ssl.SSLEOFError: [SSL: UNEXPECTED_EOF_WHILE_READING] EOF occurred in violation of protocol (_ssl.c:1018)

During handling of the above exception, another exception occurred:

Traceback (most recent call last):
  File "/Users/mac/Desktop/polymarket-rbi-bot/.venv/lib/python3.13/site-packages/urllib3/connectionpool.py", line 787, in urlopen
    response = self._make_request(
        conn,
    ...<10 lines>...
        **response_kw,
    )
  File "/Users/mac/Desktop/polymarket-rbi-bot/.venv/lib/python3.13/site-packages/urllib3/connectionpool.py", line 488, in _make_request
    raise new_e
urllib3.exceptions.SSLError: [SSL: UNEXPECTED_EOF_WHILE_READING] EOF occurred in violation of protocol (_ssl.c:1018)

The above exception was the direct cause of the following exception:

Traceback (most recent call last):
  File "/Users/mac/Desktop/polymarket-rbi-bot/.venv/lib/python3.13/site-packages/requests/adapters.py", line 645, in send
    resp = conn.urlopen(
        method=request.method,
    ...<9 lines>...
        chunked=chunked,
    )
  File "/Users/mac/Desktop/polymarket-rbi-bot/.venv/lib/python3.13/site-packages/urllib3/connectionpool.py", line 841, in urlopen
    retries = retries.increment(
        method, url, error=new_e, _pool=self, _stacktrace=sys.exc_info()[2]
    )
  File "/Users/mac/Desktop/polymarket-rbi-bot/.venv/lib/python3.13/site-packages/urllib3/util/retry.py", line 535, in increment
    raise MaxRetryError(_pool, url, reason) from reason  # type: ignore[arg-type]
    ^^^^^^^^^^^^^^^^^^^^^^^^^^^^^^^^^^^^^^^^^^^^^^^^^^^
urllib3.exceptions.MaxRetryError: HTTPSConnectionPool(host='gamma-api.polymarket.com', port=443): Max retries exceeded with url: /markets?limit=1000&closed=false&archived=false (Caused by SSLError(SSLEOFError(8, '[SSL: UNEXPECTED_EOF_WHILE_READING] EOF occurred in violation of protocol (_ssl.c:1018)')))

During handling of the above exception, another exception occurred:

Traceback (most recent call last):
  File "<frozen runpy>", line 198, in _run_module_as_main
  File "<frozen runpy>", line 88, in _run_code
  File "/Users/mac/Desktop/polymarket-rbi-bot/deploy/collect_quotes.py", line 74, in <module>
    main()
    ~~~~^^
  File "/Users/mac/Desktop/polymarket-rbi-bot/deploy/collect_quotes.py", line 63, in main
    summary = collector.run(
        targets=targets,
    ...<3 lines>...
        append=not args.overwrite,
    )
  File "/Users/mac/Desktop/polymarket-rbi-bot/data/quote_collector.py", line 333, in run
    batch = self.collect_once(targets=target_list)
  File "/Users/mac/Desktop/polymarket-rbi-bot/data/quote_collector.py", line 181, in collect_once
    markets = self.discovery.list_markets(limit=self.lookup_limit, closed=False, archived=False)
  File "/Users/mac/Desktop/polymarket-rbi-bot/data/market_discovery.py", line 16, in list_markets
    response = requests.get(
        f"{self.host}/markets",
        params={"limit": limit, "closed": str(closed).lower(), "archived": str(archived).lower()},
        timeout=self.timeout,
    )
  File "/Users/mac/Desktop/polymarket-rbi-bot/.venv/lib/python3.13/site-packages/requests/api.py", line 73, in get
    return request("get", url, params=params, **kwargs)
  File "/Users/mac/Desktop/polymarket-rbi-bot/.venv/lib/python3.13/site-packages/requests/api.py", line 59, in request
    return session.request(method=method, url=url, **kwargs)
           ~~~~~~~~~~~~~~~^^^^^^^^^^^^^^^^^^^^^^^^^^^^^^^^^^
  File "/Users/mac/Desktop/polymarket-rbi-bot/.venv/lib/python3.13/site-packages/requests/sessions.py", line 592, in request
    resp = self.send(prep, **send_kwargs)
  File "/Users/mac/Desktop/polymarket-rbi-bot/.venv/lib/python3.13/site-packages/requests/sessions.py", line 706, in send
    r = adapter.send(request, **kwargs)
  File "/Users/mac/Desktop/polymarket-rbi-bot/.venv/lib/python3.13/site-packages/requests/adapters.py", line 676, in send
    raise SSLError(e, request=request)
requests.exceptions.SSLError: HTTPSConnectionPool(host='gamma-api.polymarket.com', port=443): Max retries exceeded with url: /markets?limit=1000&closed=false&archived=false (Caused by SSLError(SSLEOFError(8, '[SSL: UNEXPECTED_EOF_WHILE_READING] EOF occurred in violation of protocol (_ssl.c:1018)')))
Traceback (most recent call last):
  File "/Users/mac/Desktop/polymarket-rbi-bot/.venv/lib/python3.13/site-packages/urllib3/connection.py", line 204, in _new_conn
    sock = connection.create_connection(
        (self._dns_host, self.port),
    ...<2 lines>...
        socket_options=self.socket_options,
    )
  File "/Users/mac/Desktop/polymarket-rbi-bot/.venv/lib/python3.13/site-packages/urllib3/util/connection.py", line 60, in create_connection
    for res in socket.getaddrinfo(host, port, family, socket.SOCK_STREAM):
               ~~~~~~~~~~~~~~~~~~^^^^^^^^^^^^^^^^^^^^^^^^^^^^^^^^^^^^^^^^
  File "/Library/Frameworks/Python.framework/Versions/3.13/lib/python3.13/socket.py", line 975, in getaddrinfo
    for res in _socket.getaddrinfo(host, port, family, type, proto, flags):
               ~~~~~~~~~~~~~~~~~~~^^^^^^^^^^^^^^^^^^^^^^^^^^^^^^^^^^^^^^^^
socket.gaierror: [Errno 8] nodename nor servname provided, or not known

The above exception was the direct cause of the following exception:

Traceback (most recent call last):
  File "/Users/mac/Desktop/polymarket-rbi-bot/.venv/lib/python3.13/site-packages/urllib3/connectionpool.py", line 787, in urlopen
    response = self._make_request(
        conn,
    ...<10 lines>...
        **response_kw,
    )
  File "/Users/mac/Desktop/polymarket-rbi-bot/.venv/lib/python3.13/site-packages/urllib3/connectionpool.py", line 488, in _make_request
    raise new_e
  File "/Users/mac/Desktop/polymarket-rbi-bot/.venv/lib/python3.13/site-packages/urllib3/connectionpool.py", line 464, in _make_request
    self._validate_conn(conn)
    ~~~~~~~~~~~~~~~~~~~^^^^^^
  File "/Users/mac/Desktop/polymarket-rbi-bot/.venv/lib/python3.13/site-packages/urllib3/connectionpool.py", line 1093, in _validate_conn
    conn.connect()
    ~~~~~~~~~~~~^^
  File "/Users/mac/Desktop/polymarket-rbi-bot/.venv/lib/python3.13/site-packages/urllib3/connection.py", line 759, in connect
    self.sock = sock = self._new_conn()
                       ~~~~~~~~~~~~~~^^
  File "/Users/mac/Desktop/polymarket-rbi-bot/.venv/lib/python3.13/site-packages/urllib3/connection.py", line 211, in _new_conn
    raise NameResolutionError(self.host, self, e) from e
urllib3.exceptions.NameResolutionError: HTTPSConnection(host='gamma-api.polymarket.com', port=443): Failed to resolve 'gamma-api.polymarket.com' ([Errno 8] nodename nor servname provided, or not known)

The above exception was the direct cause of the following exception:

Traceback (most recent call last):
  File "/Users/mac/Desktop/polymarket-rbi-bot/.venv/lib/python3.13/site-packages/requests/adapters.py", line 645, in send
    resp = conn.urlopen(
        method=request.method,
    ...<9 lines>...
        chunked=chunked,
    )
  File "/Users/mac/Desktop/polymarket-rbi-bot/.venv/lib/python3.13/site-packages/urllib3/connectionpool.py", line 841, in urlopen
    retries = retries.increment(
        method, url, error=new_e, _pool=self, _stacktrace=sys.exc_info()[2]
    )
  File "/Users/mac/Desktop/polymarket-rbi-bot/.venv/lib/python3.13/site-packages/urllib3/util/retry.py", line 535, in increment
    raise MaxRetryError(_pool, url, reason) from reason  # type: ignore[arg-type]
    ^^^^^^^^^^^^^^^^^^^^^^^^^^^^^^^^^^^^^^^^^^^^^^^^^^^
urllib3.exceptions.MaxRetryError: HTTPSConnectionPool(host='gamma-api.polymarket.com', port=443): Max retries exceeded with url: /markets?limit=1000&closed=false&archived=false (Caused by NameResolutionError("HTTPSConnection(host='gamma-api.polymarket.com', port=443): Failed to resolve 'gamma-api.polymarket.com' ([Errno 8] nodename nor servname provided, or not known)"))

During handling of the above exception, another exception occurred:

Traceback (most recent call last):
  File "<frozen runpy>", line 198, in _run_module_as_main
  File "<frozen runpy>", line 88, in _run_code
  File "/Users/mac/Desktop/polymarket-rbi-bot/deploy/collect_quotes.py", line 74, in <module>
    main()
    ~~~~^^
  File "/Users/mac/Desktop/polymarket-rbi-bot/deploy/collect_quotes.py", line 63, in main
    summary = collector.run(
        targets=targets,
    ...<3 lines>...
        append=not args.overwrite,
    )
  File "/Users/mac/Desktop/polymarket-rbi-bot/data/quote_collector.py", line 333, in run
    batch = self.collect_once(targets=target_list)
  File "/Users/mac/Desktop/polymarket-rbi-bot/data/quote_collector.py", line 181, in collect_once
    markets = self.discovery.list_markets(limit=self.lookup_limit, closed=False, archived=False)
  File "/Users/mac/Desktop/polymarket-rbi-bot/data/market_discovery.py", line 16, in list_markets
    response = requests.get(
        f"{self.host}/markets",
        params={"limit": limit, "closed": str(closed).lower(), "archived": str(archived).lower()},
        timeout=self.timeout,
    )
  File "/Users/mac/Desktop/polymarket-rbi-bot/.venv/lib/python3.13/site-packages/requests/api.py", line 73, in get
    return request("get", url, params=params, **kwargs)
  File "/Users/mac/Desktop/polymarket-rbi-bot/.venv/lib/python3.13/site-packages/requests/api.py", line 59, in request
    return session.request(method=method, url=url, **kwargs)
           ~~~~~~~~~~~~~~~^^^^^^^^^^^^^^^^^^^^^^^^^^^^^^^^^^
  File "/Users/mac/Desktop/polymarket-rbi-bot/.venv/lib/python3.13/site-packages/requests/sessions.py", line 592, in request
    resp = self.send(prep, **send_kwargs)
  File "/Users/mac/Desktop/polymarket-rbi-bot/.venv/lib/python3.13/site-packages/requests/sessions.py", line 706, in send
    r = adapter.send(request, **kwargs)
  File "/Users/mac/Desktop/polymarket-rbi-bot/.venv/lib/python3.13/site-packages/requests/adapters.py", line 678, in send
    raise ConnectionError(e, request=request)
requests.exceptions.ConnectionError: HTTPSConnectionPool(host='gamma-api.polymarket.com', port=443): Max retries exceeded with url: /markets?limit=1000&closed=false&archived=false (Caused by NameResolutionError("HTTPSConnection(host='gamma-api.polymarket.com', port=443): Failed to resolve 'gamma-api.polymarket.com' ([Errno 8] nodename nor servname provided, or not known)"))
